<?xml version="1.0" encoding="UTF-8"?>
<Site BuildName="(empty)"
	BuildStamp="20240511-0948-Experimental"
	Name="(empty)"
	Generator="ctest-3.29.2"
	CompilerName=""
	CompilerVersion=""
	OSName="Windows"
	Hostname="DESKTOP-GLE0FN7"
	OSRelease=" Personal"
	OSVersion=" (Build 19045)"
	OSPlatform="AMD64"
	Is64Bits="1"
	VendorString="AuthenticAMD"
	VendorID="Advanced Micro Devices"
	FamilyID="15"
	ModelID="1"
	ProcessorCacheSize="64"
	NumberOfLogicalCPU="12"
	NumberOfPhysicalCPU="6"
	TotalVirtualMemory="37578"
	TotalPhysicalMemory="32714"
	LogicalProcessorsPerPhysical="2"
	ProcessorClockFrequency="3693"
	>
	<Testing>
		<StartDateTime>May 11 15:10 FLE Daylight Time</StartDateTime>
		<StartTestTime>1715429406</StartTestTime>
		<TestList>
			<Test>./Unit_Tests/Test_CMake</Test>
		</TestList>
		<Test Status="passed">
			<Name>Test_CMake</Name>
			<Path>./Unit_Tests</Path>
			<FullName>./Unit_Tests/Test_CMake</FullName>
			<FullCommandLine>C:\Users\sgiky\Documents\GitHub\OBJ_Uzduotys2\build\Unit_Tests\Test_CMake.exe</FullCommandLine>
			<Results>
				<NamedMeasurement type="numeric/double" name="Execution Time">
					<Value>0.0712686</Value>
				</NamedMeasurement>
				<NamedMeasurement type="numeric/double" name="Processors">
					<Value>1</Value>
				</NamedMeasurement>
				<NamedMeasurement type="text/string" name="Completion Status">
					<Value>Completed</Value>
				</NamedMeasurement>
				<NamedMeasurement type="text/string" name="Command Line">
					<Value>C:\Users\sgiky\Documents\GitHub\OBJ_Uzduotys2\build\Unit_Tests\Test_CMake.exe</Value>
				</NamedMeasurement>
				<NamedMeasurement type="text/string" name="Environment">
					<Value>#CTEST_RESOURCE_GROUP_COUNT=</Value>
				</NamedMeasurement>
				<Measurement>
					<Value encoding="base64" compression="gzip">eJydk01vwjAMhu/9FT7CgQgqTpN22GBi2rQhMcqFVFVpQxutTVDssLFfv5ZUbEKMUXzJ1/PGrxN5ZpWSKoMylqrThbXRJYxueIDCIMdMvu/4WCe2FIqQTyQ92hWf3j9FwVdqNe3Q55nWWSFIIP2eokl4Vs+i+maWJN7y9hAhzJq0Q6gZdHndAtDKamTesneIECaFXsWFA4TaSqNV7QlQUM9ujuCB4/aXBkpSNK+TRAuRkDbRwFvCLHiFfYSnACZxLLNmu6JdTJ8voKHThxK7rfw4DZCmuOh6baT+f6X4lbk3MtVTX1TLEX5FMf4VxYyKGPHMtzTn7G4xOV/FMdjGf6O92v7fX9Gcs5eH8SX2f8D29s++/skWYqzqnXkuETaxIdBroFw4RlvaWIKPGMGIUm9FCihVIkBW+s9EiBQdnBuBuS7SWj3o+0NY7eoGDr1v74FmXw==</Value>
				</Measurement>
			</Results>
		</Test>
		<EndDateTime>May 11 15:10 FLE Daylight Time</EndDateTime>
		<EndTestTime>1715429406</EndTestTime>
		<ElapsedMinutes>0</ElapsedMinutes>
	</Testing>
</Site>
