Start testing: May 11 15:50 FLE Daylight Time
----------------------------------------------------------
1/1 Testing: Test_CMake
1/1 Test: Test_CMake
Command: "C:/Users/sgiky/Documents/GitHub/OBJ_Uzduotys2/build/Unit_Tests/Test_CMake.exe"
Directory: C:/Users/sgiky/Documents/GitHub/OBJ_Uzduotys2/build/Unit_Tests
"Test_CMake" start time: May 11 15:50 FLE Daylight Time
Output:
----------------------------------------------------------
Running main() from C:\Users\sgiky\Documents\GitHub\OBJ_Uzduotys2\googletest\googletest\src\gtest_main.cc
[==========] Running 4 tests from 4 test suites.
[----------] Global test environment set-up.
[----------] 1 test from Unit_Tests_Vector_1
[ RUN      ] Unit_Tests_Vector_1.isDigit_Test
[       OK ] Unit_Tests_Vector_1.isDigit_Test (0 ms)
[----------] 1 test from Unit_Tests_Vector_1 (0 ms total)

[----------] 1 test from Unit_Tests_Vector_2
[ RUN      ] Unit_Tests_Vector_2.isString_Test
[       OK ] Unit_Tests_Vector_2.isString_Test (0 ms)
[----------] 1 test from Unit_Tests_Vector_2 (0 ms total)

[----------] 1 test from Unit_Tests_Class_1
[ RUN      ] Unit_Tests_Class_1.AVG_Test
[       OK ] Unit_Tests_Class_1.AVG_Test (0 ms)
[----------] 1 test from Unit_Tests_Class_1 (0 ms total)

[----------] 1 test from Unit_Tests_Class_2
[ RUN      ] Unit_Tests_Class_2.MED_Test
[       OK ] Unit_Tests_Class_2.MED_Test (0 ms)
[----------] 1 test from Unit_Tests_Class_2 (0 ms total)

[----------] Global test environment tear-down
[==========] 4 tests from 4 test suites ran. (0 ms total)
[  PASSED  ] 4 tests.
<end of output>
Test time =   0.06 sec
----------------------------------------------------------
Test Passed.
"Test_CMake" end time: May 11 15:50 FLE Daylight Time
"Test_CMake" time elapsed: 00:00:00
----------------------------------------------------------

End testing: May 11 15:50 FLE Daylight Time
