Start testing: May 10 23:27 FLE Daylight Time
----------------------------------------------------------
1/1 Testing: Test_CMake
1/1 Test: Test_CMake
Command: "C:/Users/sgiky/Documents/GitHub/OBJ_Uzduotys2/build/Unit_Tests/Test_CMake.exe"
Directory: C:/Users/sgiky/Documents/GitHub/OBJ_Uzduotys2/build/Unit_Tests
"Test_CMake" start time: May 10 23:27 FLE Daylight Time
Output:
----------------------------------------------------------
Running main() from C:\Users\sgiky\Documents\GitHub\OBJ_Uzduotys2\googletest\googletest\src\gtest_main.cc
[==========] Running 2 tests from 1 test suite.
[----------] Global test environment set-up.
[----------] 2 tests from Unit_Tests
[ RUN      ] Unit_Tests.AVG_Test
[       OK ] Unit_Tests.AVG_Test (0 ms)
[ RUN      ] Unit_Tests.MED_Test
[       OK ] Unit_Tests.MED_Test (0 ms)
[----------] 2 tests from Unit_Tests (0 ms total)

[----------] Global test environment tear-down
[==========] 2 tests from 1 test suite ran. (0 ms total)
[  PASSED  ] 2 tests.
<end of output>
Test time =   0.05 sec
----------------------------------------------------------
Test Passed.
"Test_CMake" end time: May 10 23:27 FLE Daylight Time
"Test_CMake" time elapsed: 00:00:00
----------------------------------------------------------

End testing: May 10 23:27 FLE Daylight Time
