<?xml version="1.0" encoding="UTF-8"?>
<Site BuildName="(empty)"
	BuildStamp="20240514-1335-Experimental"
	Name="(empty)"
	Generator="ctest-3.29.2"
	CompilerName=""
	CompilerVersion=""
	OSName="Windows"
	Hostname="DESKTOP-GLE0FN7"
	OSRelease=" Personal"
	OSVersion=" (Build 19045)"
	OSPlatform="AMD64"
	Is64Bits="1"
	VendorString="AuthenticAMD"
	VendorID="Advanced Micro Devices"
	FamilyID="15"
	ModelID="1"
	ProcessorCacheSize="64"
	NumberOfLogicalCPU="12"
	NumberOfPhysicalCPU="6"
	TotalVirtualMemory="37578"
	TotalPhysicalMemory="32714"
	LogicalProcessorsPerPhysical="2"
	ProcessorClockFrequency="3693"
	>
	<Testing>
		<StartDateTime>May 14 16:36 FLE Daylight Time</StartDateTime>
		<StartTestTime>1715693779</StartTestTime>
		<TestList>
			<Test>./Unit_Tests/Test_CMake</Test>
		</TestList>
		<Test Status="passed">
			<Name>Test_CMake</Name>
			<Path>./Unit_Tests</Path>
			<FullName>./Unit_Tests/Test_CMake</FullName>
			<FullCommandLine>C:\Users\sgiky\Documents\GitHub\OBJ_Uzduotys2\build\Unit_Tests\Test_CMake.exe</FullCommandLine>
			<Results>
				<NamedMeasurement type="numeric/double" name="Execution Time">
					<Value>0.0552157</Value>
				</NamedMeasurement>
				<NamedMeasurement type="numeric/double" name="Processors">
					<Value>1</Value>
				</NamedMeasurement>
				<NamedMeasurement type="text/string" name="Completion Status">
					<Value>Completed</Value>
				</NamedMeasurement>
				<NamedMeasurement type="text/string" name="Command Line">
					<Value>C:\Users\sgiky\Documents\GitHub\OBJ_Uzduotys2\build\Unit_Tests\Test_CMake.exe</Value>
				</NamedMeasurement>
				<NamedMeasurement type="text/string" name="Environment">
					<Value>#CTEST_RESOURCE_GROUP_COUNT=</Value>
				</NamedMeasurement>
				<Measurement>
					<Value encoding="base64" compression="gzip">eJydk0tPwkAUhff9FXcJC6ZQcKGJCwWDjygJUjekaUo7tBPbmWbuDIq/3g7DQw0C5W7m9Z255yzuWHPOeApFxHijCXMpCuhfuT5SiS6m7H3pDkSsC8oVukOm7vXMHd0+hv5XooVaouemQqQ5VRTVzy3K2E3NLjQ/kzh2ptfbCmC8bnsJhkHb1x4ANatW4kxb2wpgmItZlFuA8gWTghtPgFS1dPkH7lhu9anPmQonpknYzyPEsONMYey/wKqCPe/k5m24uqlAW6OnwyA02lBgs44JKwElVJQ3nRpK74h9jzzfDU6xvwPr2/fOtt89Yr9LBnTeF/yUBL/Y+iG6tUOshb1/MmyeyQMvX5U8FGEfenqCjfrcABe7AIRUszPJGEIZSQViDiqjViq0KrWCjwhB0kIsaALIeEyBVSP4GVOaoIUzSTETeWLUnbbXg9nSDHDgfAPdTWBx====</Value>
				</Measurement>
			</Results>
		</Test>
		<EndDateTime>May 14 16:36 FLE Daylight Time</EndDateTime>
		<EndTestTime>1715693779</EndTestTime>
		<ElapsedMinutes>0</ElapsedMinutes>
	</Testing>
</Site>
